2023-07-13 21:30:09.556 [JavaFX Application Thread] info.climateControl.window.tabs.EditTab - pressed 'deleteWeatherBySeasonButton'
2023-07-13 22:22:29.895 [JavaFX Application Thread] info.climateControl.window.tabs.EditTab - pressed 'deleteWeatherBySeasonButton'
2023-07-13 22:22:32.506 [JavaFX Application Thread] info.climateControl.window.tabs.EditTab - pressed 'deleteWeatherByCommentButton'
2023-07-13 22:22:34.311 [JavaFX Application Thread] info.climateControl.window.tabs.EditTab - pressed 'deleteWeatherByPositionButton'
2023-07-13 22:22:36.014 [JavaFX Application Thread] info.climateControl.window.tabs.EditTab - pressed 'deleteDayByTemperatureButton'
2023-07-13 22:22:38.211 [JavaFX Application Thread] info.climateControl.window.tabs.EditTab - pressed 'addWeatherButton'
2023-07-13 22:22:40.568 [JavaFX Application Thread] info.climateControl.window.tabs.EditTab - pressed 'addDayButton'
2023-07-13 22:22:43.377 [JavaFX Application Thread] info.climateControl.window.tabs.EditTab - pressed 'editDayByCommentButton'
2023-07-13 22:22:44.809 [JavaFX Application Thread] info.climateControl.window.tabs.EditTab - pressed 'editWeatherBySeasonButton'
2023-07-13 22:22:46.213 [JavaFX Application Thread] info.climateControl.window.tabs.EditTab - pressed 'deleteDayByCommentButton'
2023-07-13 22:22:48.014 [JavaFX Application Thread] info.climateControl.window.tabs.EditTab - pressed 'addWeatherButton'
2023-07-13 22:22:59.922 [JavaFX Application Thread] info.climateControl.window.tabs.EditTab - pressed 'addWeatherButton'
2023-07-13 22:24:31.236 [JavaFX Application Thread] info.climateControl.window.tabs.EditTab - pressed 'addWeatherButton'
2023-07-13 22:24:32.741 [JavaFX Application Thread] info.climateControl.window.tabs.EditTab - pressed 'addWeatherButton'
2023-07-13 22:25:51.589 [JavaFX Application Thread] info.climateControl.window.tabs.EditTab - pressed 'addWeatherButton'
2023-07-13 22:26:13.265 [JavaFX Application Thread] info.climateControl.window.tabs.EditTab - pressed 'addWeatherButton'
2023-07-13 22:26:15.238 [JavaFX Application Thread] info.climateControl.window.tabs.EditTab - pressed 'addWeatherButton'
2023-07-13 22:30:18.733 [JavaFX Application Thread] info.climateControl.window.tabs.EditTab - pressed 'addWeatherButton'
2023-07-13 22:30:20.383 [JavaFX Application Thread] info.climateControl.window.tabs.EditTab - pressed 'addWeatherButton'
2023-07-13 22:31:38.999 [JavaFX Application Thread] info.climateControl.window.tabs.EditTab - pressed 'addWeatherButton'
2023-07-13 22:31:43.669 [JavaFX Application Thread] info.climateControl.window.tabs.EditTab - pressed 'addWeatherButton'
2023-07-13 22:31:45.218 [JavaFX Application Thread] info.climateControl.window.tabs.EditTab - pressed 'addWeatherButton'
2023-07-13 22:31:47.939 [JavaFX Application Thread] info.climateControl.window.tabs.EditTab - pressed 'addWeatherButton'
2023-07-14 18:08:05.668 [JavaFX Application Thread] info.climateControl.window.tabs.EditTab - pressed 'editDayByTemperatureButton'
2023-07-14 18:08:07.452 [JavaFX Application Thread] info.climateControl.window.tabs.EditTab - pressed 'editDayByPositionButton'
2023-07-14 18:08:08.903 [JavaFX Application Thread] info.climateControl.window.tabs.EditTab - pressed 'addWeatherButton'
2023-07-14 18:34:56.883 [JavaFX Application Thread] info.climateControl.window.tabs.EditTab - pressed 'addDayButton'
2023-07-14 18:34:59.716 [JavaFX Application Thread] info.climateControl.window.tabs.EditTab - pressed 'addWeatherButton'
2023-07-14 18:35:01.458 [JavaFX Application Thread] info.climateControl.window.tabs.EditTab - pressed 'addWeatherButton'
2023-07-14 18:44:54.129 [JavaFX Application Thread] info.climateControl.window.tabs.EditTab - pressed 'addDayButton'
2023-07-14 18:44:56.232 [JavaFX Application Thread] info.climateControl.window.tabs.EditTab - pressed 'addWeatherButton'
2023-07-14 18:44:58.242 [JavaFX Application Thread] info.climateControl.window.tabs.EditTab - pressed 'addWeatherButton'
2023-07-14 18:45:01.192 [JavaFX Application Thread] info.climateControl.window.tabs.EditTab - pressed 'addWeatherButton'
2023-07-14 18:45:17.709 [JavaFX Application Thread] info.climateControl.window.tabs.EditTab - pressed 'addWeatherButton'
2023-07-14 18:45:19.790 [JavaFX Application Thread] info.climateControl.window.tabs.EditTab - pressed 'addWeatherButton'
2023-07-14 18:46:21.668 [JavaFX Application Thread] info.climateControl.window.tabs.EditTab - pressed 'addWeatherButton'
2023-07-14 18:46:23.171 [JavaFX Application Thread] info.climateControl.window.tabs.EditTab - pressed 'addWeatherButton'
2023-07-14 18:46:24.580 [JavaFX Application Thread] info.climateControl.window.tabs.EditTab - pressed 'addWeatherButton'
2023-07-14 19:01:33.713 [JavaFX Application Thread] info.climateControl.window.tabs.EditTab - pressed 'addWeatherButton'
2023-07-14 19:01:35.886 [JavaFX Application Thread] info.climateControl.window.tabs.EditTab - pressed 'addWeatherButton'
